# JRE version: OpenJDK Runtime Environment Temurin-26.0.1+8 (26.0.1+8) (build 26.0.1+8)
# Java VM: OpenJDK 64-Bit Server VM Temurin-26.0.1+8 (26.0.1+8, mixed mode, sharing, tiered, compressed oops, compressed class ptrs, g1 gc, windows-amd64)
GC Precious Log:
 CardTable entry size: 512
 Card Set container configuration: InlinePtr #cards 5 size 8 Array Of Cards #cards 10 size 36 Howl #buckets 4 coarsen threshold 1843 Howl Bitmap #cards 512 size 80 coarsen threshold 460 Card regions per heap region 1 cards per card region 2048
 CPUs: 8 total, 8 available
 Memory: 3818M
 Large Page Support: Disabled
 NUMA Support: Disabled
 Compressed Oops: Enabled (32-bit)
 Heap Region Size: 1M
 Heap Min Capacity: 8M
 Heap Initial Capacity: 8M
 Heap Max Capacity: 956M
 Pre-touch: Disabled
 Parallel Workers: 8
 Concurrent Workers: 2
 Concurrent Refinement Workers: 8
 Periodic GC: Disabled
Heap:
 garbage-first heap   total reserved 978944K, committed 68608K, used 17950K [0x00000000c4400000, 0x0000000100000000)
  region size 1M, 8 eden (8M), 3 survivor (3M), 9 old (9M), 0 humongous (0M), 47 free (47M)
GC Heap Usage History (20 events):
Event: 1.414 {heap Before GC invocations=5 (full 0):
 garbage-first heap   total reserved 978944K, committed 10240K, used 6577K [0x00000000c4400000, 0x0000000100000000)
  region size 1M, 1 eden (1M), 1 survivor (1M), 6 old (6M), 0 humongous (0M), 2 free (2M)
}
Event: 1.415 {heap After GC invocations=6 (full 0):
 garbage-first heap   total reserved 978944K, committed 10240K, used 5704K [0x00000000c4400000, 0x0000000100000000)
  region size 1M, 0 eden (0M), 1 survivor (1M), 6 old (6M), 0 humongous (0M), 3 free (3M)
}
Event: 1.455 {heap Before GC invocations=6 (full 0):
 garbage-first heap   total reserved 978944K, committed 10240K, used 6728K [0x00000000c4400000, 0x0000000100000000)
  region size 1M, 1 eden (1M), 1 survivor (1M), 6 old (6M), 0 humongous (0M), 2 free (2M)
}
Event: 1.457 {heap After GC invocations=7 (full 0):
 garbage-first heap   total reserved 978944K, committed 10240K, used 5802K [0x00000000c4400000, 0x0000000100000000)
  region size 1M, 0 eden (0M), 1 survivor (1M), 6 old (6M), 0 humongous (0M), 3 free (3M)
}
Event: 1.488 {heap Before GC invocations=8 (full 0):
 garbage-first heap   total reserved 978944K, committed 10240K, used 6826K [0x00000000c4400000, 0x0000000100000000)
  region size 1M, 1 eden (1M), 1 survivor (1M), 6 old (6M), 0 humongous (0M), 2 free (2M)
}
Event: 1.489 {heap After GC invocations=9 (full 0):
 garbage-first heap   total reserved 978944K, committed 10240K, used 5905K [0x00000000c4400000, 0x0000000100000000)
  region size 1M, 0 eden (0M), 1 survivor (1M), 6 old (6M), 0 humongous (0M), 3 free (3M)
}
Event: 1.512 {heap Before GC invocations=9 (full 0):
 garbage-first heap   total reserved 978944K, committed 10240K, used 6929K [0x00000000c4400000, 0x0000000100000000)
  region size 1M, 1 eden (1M), 1 survivor (1M), 6 old (6M), 0 humongous (0M), 2 free (2M)
}
Event: 1.514 {heap After GC invocations=10 (full 0):
 garbage-first heap   total reserved 978944K, committed 10240K, used 5919K [0x00000000c4400000, 0x0000000100000000)
  region size 1M, 0 eden (0M), 1 survivor (1M), 6 old (6M), 0 humongous (0M), 3 free (3M)
}
Event: 1.539 {heap Before GC invocations=10 (full 0):
 garbage-first heap   total reserved 978944K, committed 10240K, used 6943K [0x00000000c4400000, 0x0000000100000000)
  region size 1M, 1 eden (1M), 1 survivor (1M), 6 old (6M), 0 humongous (0M), 2 free (2M)
}
Event: 1.540 {heap After GC invocations=11 (full 0):
 garbage-first heap   total reserved 978944K, committed 10240K, used 5964K [0x00000000c4400000, 0x0000000100000000)
  region size 1M, 0 eden (0M), 1 survivor (1M), 6 old (6M), 0 humongous (0M), 3 free (3M)
}
Event: 1.562 {heap Before GC invocations=12 (full 0):
 garbage-first heap   total reserved 978944K, committed 10240K, used 6988K [0x00000000c4400000, 0x0000000100000000)
  region size 1M, 1 eden (1M), 1 survivor (1M), 6 old (6M), 0 humongous (0M), 2 free (2M)
}
Event: 1.563 {heap After GC invocations=13 (full 0):
 garbage-first heap   total reserved 978944K, committed 30720K, used 6007K [0x00000000c4400000, 0x0000000100000000)
  region size 1M, 0 eden (0M), 1 survivor (1M), 6 old (6M), 0 humongous (0M), 23 free (23M)
}
Event: 1.815 {heap Before GC invocations=13 (full 0):
 garbage-first heap   total reserved 978944K, committed 30720K, used 19319K [0x00000000c4400000, 0x0000000100000000)
  region size 1M, 14 eden (14M), 1 survivor (1M), 6 old (6M), 0 humongous (0M), 9 free (9M)
}
Event: 1.818 {heap After GC invocations=14 (full 0):
 garbage-first heap   total reserved 978944K, committed 30720K, used 7224K [0x00000000c4400000, 0x0000000100000000)
  region size 1M, 0 eden (0M), 2 survivor (2M), 6 old (6M), 0 humongous (0M), 22 free (22M)
}
Event: 2.100 {heap Before GC invocations=14 (full 0):
 garbage-first heap   total reserved 978944K, committed 30720K, used 23608K [0x00000000c4400000, 0x0000000100000000)
  region size 1M, 16 eden (16M), 2 survivor (2M), 6 old (6M), 0 humongous (0M), 6 free (6M)
}
Event: 2.104 {heap After GC invocations=15 (full 0):
 garbage-first heap   total reserved 978944K, committed 30720K, used 8376K [0x00000000c4400000, 0x0000000100000000)
  region size 1M, 0 eden (0M), 3 survivor (3M), 6 old (6M), 0 humongous (0M), 21 free (21M)
}
Event: 2.582 {heap Before GC invocations=15 (full 0):
 garbage-first heap   total reserved 978944K, committed 30720K, used 23736K [0x00000000c4400000, 0x0000000100000000)
  region size 1M, 15 eden (15M), 3 survivor (3M), 6 old (6M), 0 humongous (0M), 6 free (6M)
}
Event: 2.589 {heap After GC invocations=16 (full 0):
 garbage-first heap   total reserved 978944K, committed 30720K, used 9532K [0x00000000c4400000, 0x0000000100000000)
  region size 1M, 0 eden (0M), 3 survivor (3M), 7 old (7M), 0 humongous (0M), 20 free (20M)
}
Event: 3.281 {heap Before GC invocations=16 (full 0):
 garbage-first heap   total reserved 978944K, committed 30720K, used 24892K [0x00000000c4400000, 0x0000000100000000)
  region size 1M, 15 eden (15M), 3 survivor (3M), 7 old (7M), 0 humongous (0M), 5 free (5M)
}
Event: 3.286 {heap After GC invocations=17 (full 0):
 garbage-first heap   total reserved 978944K, committed 68608K, used 10782K [0x00000000c4400000, 0x0000000100000000)
  region size 1M, 0 eden (0M), 3 survivor (3M), 9 old (9M), 0 humongous (0M), 55 free (55M)
}

